<?xml version="1.0" encoding="UTF-8"?>
<!-- Generated by org.testng.reporters.JUnitXMLReporter -->
<testsuite ignored="1" hostname="Suresh" failures="0" tests="13" name="Home Page Test" time="35.514" errors="0" timestamp="2025-04-15T16:16:50 EDT">
  <testcase classname="com.qa.opencart.tests.HomePageTest" name="footerTest" time="2.578"/>
  <testcase classname="com.qa.opencart.tests.HomePageTest" name="footerTest" time="0.888"/>
  <testcase classname="com.qa.opencart.tests.HomePageTest" name="footerTest" time="0.45"/>
  <testcase classname="com.qa.opencart.tests.HomePageTest" name="footerTest" time="0.544"/>
  <testcase classname="com.qa.opencart.tests.HomePageTest" name="headersTest" time="0.613"/>
  <testcase classname="com.qa.opencart.tests.HomePageTest" name="homePageTitleTest" time="0.139"/>
  <testcase classname="com.qa.opencart.tests.HomePageTest" name="homePageURLTest" time="0.07"/>
  <testcase classname="com.qa.opencart.tests.HomePageTest" name="logoutLinkExistTest" time="0.269"/>
  <testcase classname="com.qa.opencart.tests.HomePageTest" name="searchTest" time="1.334"/>
  <testcase classname="com.qa.opencart.tests.HomePageTest" name="searchTest" time="0.921"/>
  <testcase classname="com.qa.opencart.tests.HomePageTest" name="searchTest" time="0.931"/>
  <testcase classname="com.qa.opencart.tests.HomePageTest" name="searchTest" time="0.846"/>
  <testcase classname="com.qa.opencart.tests.HomePageTest" name="searchTest" time="11.661"/>
  <testcase classname="com.qa.opencart.tests.HomePageTest" name="logoTest" time="0.0">
    <ignored/>
  </testcase> <!-- logoTest -->
</testsuite> <!-- Home Page Test -->
