<?xml version="1.0" encoding="UTF-8"?>
<!-- Generated by org.testng.reporters.JUnitXMLReporter -->
<testsuite ignored="1" hostname="Suresh" failures="0" tests="13" name="Home Page Test" time="36.79" errors="0" timestamp="2025-04-10T19:59:40 EDT">
  <testcase classname="com.qa.opencart.tests.HomePageTest" name="footerTest" time="5.037"/>
  <testcase classname="com.qa.opencart.tests.HomePageTest" name="footerTest" time="2.012"/>
  <testcase classname="com.qa.opencart.tests.HomePageTest" name="footerTest" time="0.526"/>
  <testcase classname="com.qa.opencart.tests.HomePageTest" name="footerTest" time="0.61"/>
  <testcase classname="com.qa.opencart.tests.HomePageTest" name="headersTest" time="0.252"/>
  <testcase classname="com.qa.opencart.tests.HomePageTest" name="homePageTitleTest" time="0.037"/>
  <testcase classname="com.qa.opencart.tests.HomePageTest" name="homePageURLTest" time="0.033"/>
  <testcase classname="com.qa.opencart.tests.HomePageTest" name="logoutLinkExistTest" time="0.066"/>
  <testcase classname="com.qa.opencart.tests.HomePageTest" name="searchTest" time="1.077"/>
  <testcase classname="com.qa.opencart.tests.HomePageTest" name="searchTest" time="0.883"/>
  <testcase classname="com.qa.opencart.tests.HomePageTest" name="searchTest" time="1.222"/>
  <testcase classname="com.qa.opencart.tests.HomePageTest" name="searchTest" time="1.543"/>
  <testcase classname="com.qa.opencart.tests.HomePageTest" name="searchTest" time="11.307"/>
  <testcase classname="com.qa.opencart.tests.HomePageTest" name="logoTest" time="0.0">
    <ignored/>
  </testcase> <!-- logoTest -->
</testsuite> <!-- Home Page Test -->
