<?xml version="1.0" encoding="UTF-8"?>
<!-- Generated by org.testng.reporters.JUnitXMLReporter -->
<testsuite ignored="0" hostname="Suresh" failures="0" tests="9" name="Product Info Page Test" time="35.006" errors="0" timestamp="2025-04-10T19:59:38 EDT">
  <testcase classname="com.qa.opencart.tests.ProductinfoPageTest" name="productImagesCountTest" time="4.574"/>
  <testcase classname="com.qa.opencart.tests.ProductinfoPageTest" name="productImagesCountTest" time="1.64"/>
  <testcase classname="com.qa.opencart.tests.ProductinfoPageTest" name="productImagesCountTest" time="2.497"/>
  <testcase classname="com.qa.opencart.tests.ProductinfoPageTest" name="productImagesCountTest" time="2.127"/>
  <testcase classname="com.qa.opencart.tests.ProductinfoPageTest" name="productImagesCountTest" time="1.895"/>
  <testcase classname="com.qa.opencart.tests.ProductinfoPageTest" name="productInfoTest" time="1.336"/>
  <testcase classname="com.qa.opencart.tests.ProductinfoPageTest" name="productSearchHeaderTest" time="1.135"/>
  <testcase classname="com.qa.opencart.tests.ProductinfoPageTest" name="productSearchHeaderTest" time="1.26"/>
  <testcase classname="com.qa.opencart.tests.ProductinfoPageTest" name="productSearchHeaderTest" time="1.151"/>
</testsuite> <!-- Product Info Page Test -->
