<?xml version="1.0" encoding="UTF-8"?>
<!-- Generated by org.testng.reporters.JUnitXMLReporter -->
<testsuite ignored="6" hostname="Suresh" failures="0" tests="1" name="Default test" time="8.872" errors="0" timestamp="2025-04-09T12:35:39 EDT">
  <testcase classname="com.qa.opencart.tests.HomePageTest" name="homePageTitleTest" time="0.074"/>
  <testcase classname="com.qa.opencart.tests.HomePageTest" name="homePageURLTest" time="0.0">
    <ignored/>
  </testcase> <!-- homePageURLTest -->
  <testcase classname="com.qa.opencart.tests.HomePageTest" name="logoTest" time="0.0">
    <ignored/>
  </testcase> <!-- logoTest -->
  <testcase classname="com.qa.opencart.tests.HomePageTest" name="footerTest" time="0.0">
    <ignored/>
  </testcase> <!-- footerTest -->
  <testcase classname="com.qa.opencart.tests.HomePageTest" name="headersTest" time="0.0">
    <ignored/>
  </testcase> <!-- headersTest -->
  <testcase classname="com.qa.opencart.tests.HomePageTest" name="logoutLinkExistTest" time="0.0">
    <ignored/>
  </testcase> <!-- logoutLinkExistTest -->
  <testcase classname="com.qa.opencart.tests.HomePageTest" name="searchTest" time="0.0">
    <ignored/>
  </testcase> <!-- searchTest -->
</testsuite> <!-- Default test -->
