<?xml version="1.0" encoding="UTF-8"?>
<!-- Generated by org.testng.reporters.JUnitXMLReporter -->
<testsuite ignored="1" hostname="Suresh" failures="0" tests="13" name="Home Page Test" time="31.063" errors="0" timestamp="2025-04-10T20:20:42 EDT">
  <testcase classname="com.qa.opencart.tests.HomePageTest" name="footerTest" time="1.795"/>
  <testcase classname="com.qa.opencart.tests.HomePageTest" name="footerTest" time="1.863"/>
  <testcase classname="com.qa.opencart.tests.HomePageTest" name="footerTest" time="1.111"/>
  <testcase classname="com.qa.opencart.tests.HomePageTest" name="footerTest" time="1.014"/>
  <testcase classname="com.qa.opencart.tests.HomePageTest" name="headersTest" time="0.249"/>
  <testcase classname="com.qa.opencart.tests.HomePageTest" name="homePageTitleTest" time="0.039"/>
  <testcase classname="com.qa.opencart.tests.HomePageTest" name="homePageURLTest" time="0.044"/>
  <testcase classname="com.qa.opencart.tests.HomePageTest" name="logoutLinkExistTest" time="0.071"/>
  <testcase classname="com.qa.opencart.tests.HomePageTest" name="searchTest" time="1.834"/>
  <testcase classname="com.qa.opencart.tests.HomePageTest" name="searchTest" time="0.897"/>
  <testcase classname="com.qa.opencart.tests.HomePageTest" name="searchTest" time="0.831"/>
  <testcase classname="com.qa.opencart.tests.HomePageTest" name="searchTest" time="0.89"/>
  <testcase classname="com.qa.opencart.tests.HomePageTest" name="searchTest" time="11.143"/>
  <testcase classname="com.qa.opencart.tests.HomePageTest" name="logoTest" time="0.0">
    <ignored/>
  </testcase> <!-- logoTest -->
</testsuite> <!-- Home Page Test -->
