<?xml version="1.0" encoding="UTF-8"?>
<!-- Generated by org.testng.reporters.JUnitXMLReporter -->
<testsuite ignored="0" hostname="Suresh" failures="0" tests="9" name="Product Info Page Test" time="28.615" errors="0" timestamp="2025-04-10T20:20:40 EDT">
  <testcase classname="com.qa.opencart.tests.ProductinfoPageTest" name="productImagesCountTest" time="3.822"/>
  <testcase classname="com.qa.opencart.tests.ProductinfoPageTest" name="productImagesCountTest" time="1.617"/>
  <testcase classname="com.qa.opencart.tests.ProductinfoPageTest" name="productImagesCountTest" time="1.74"/>
  <testcase classname="com.qa.opencart.tests.ProductinfoPageTest" name="productImagesCountTest" time="1.571"/>
  <testcase classname="com.qa.opencart.tests.ProductinfoPageTest" name="productImagesCountTest" time="1.998"/>
  <testcase classname="com.qa.opencart.tests.ProductinfoPageTest" name="productInfoTest" time="1.596"/>
  <testcase classname="com.qa.opencart.tests.ProductinfoPageTest" name="productSearchHeaderTest" time="1.137"/>
  <testcase classname="com.qa.opencart.tests.ProductinfoPageTest" name="productSearchHeaderTest" time="1.094"/>
  <testcase classname="com.qa.opencart.tests.ProductinfoPageTest" name="productSearchHeaderTest" time="1.145"/>
</testsuite> <!-- Product Info Page Test -->
