<?xml version="1.0" encoding="UTF-8"?>
<testsuite xmlns:xsi="http://www.w3.org/2001/XMLSchema-instance" xsi:noNamespaceSchemaLocation="https://maven.apache.org/surefire/maven-surefire-plugin/xsd/surefire-test-report.xsd" name="TestSuite" time="34.214" tests="31" errors="0" skipped="0" failures="1">
  <properties>
[...]
</properties>
  <testcase name="footerTest" classname="com.qa.opencart.tests.HomePageTest" time="2.161"/>
  <testcase name="footerTest" classname="com.qa.opencart.tests.HomePageTest" time="0.491"/>
  <testcase name="footerTest" classname="com.qa.opencart.tests.HomePageTest" time="0.032"/>
  <testcase name="footerTest" classname="com.qa.opencart.tests.HomePageTest" time="0.65"/>
  <testcase name="footerTest" classname="com.qa.opencart.tests.LoginPageTest" time="0.057"/>
  <testcase name="footerTest" classname="com.qa.opencart.tests.LoginPageTest" time="0.497"/>
  <testcase name="footerTest" classname="com.qa.opencart.tests.LoginPageTest" time="0.498"/>
  <testcase name="footerTest" classname="com.qa.opencart.tests.LoginPageTest" time="0.339"/>
  <testcase name="forgotPwdLinkExistTest" classname="com.qa.opencart.tests.LoginPageTest" time="0.139"/>
  <testcase name="headersTest" classname="com.qa.opencart.tests.HomePageTest" time="0.106"/>
  <testcase name="homePageTitleTest" classname="com.qa.opencart.tests.HomePageTest" time="0.046"/>
  <testcase name="homePageURLTest" classname="com.qa.opencart.tests.HomePageTest" time="0.053"/>
  <testcase name="logoutLinkExistTest" classname="com.qa.opencart.tests.HomePageTest" time="0.074"/>
  <testcase name="productImagesCountTest" classname="com.qa.opencart.tests.ProductinfoPageTest" time="0.165"/>
  <testcase name="productImagesCountTest" classname="com.qa.opencart.tests.ProductinfoPageTest" time="1.625"/>
  <testcase name="productImagesCountTest" classname="com.qa.opencart.tests.ProductinfoPageTest" time="0.786"/>
  <testcase name="productImagesCountTest" classname="com.qa.opencart.tests.ProductinfoPageTest" time="0.634"/>
  <testcase name="productImagesCountTest" classname="com.qa.opencart.tests.ProductinfoPageTest" time="1.913"/>
  <testcase name="searchTest" classname="com.qa.opencart.tests.HomePageTest" time="0.035"/>
  <testcase name="searchTest" classname="com.qa.opencart.tests.HomePageTest" time="0.901"/>
  <testcase name="searchTest" classname="com.qa.opencart.tests.HomePageTest" time="0.046"/>
  <testcase name="searchTest" classname="com.qa.opencart.tests.HomePageTest" time="0.892"/>
  <testcase name="searchTest" classname="com.qa.opencart.tests.HomePageTest" time="4.654"/>
  <testcase name="loginPageTitleTest" classname="com.qa.opencart.tests.LoginPageTest" time="0.549">
    <failure message="==title is not matched expected [Account Login11] but found [null]" type="java.lang.AssertionError">java.lang.AssertionError: ==title is not matched expected [Account Login11] but found [null]
	at com.qa.opencart.tests.LoginPageTest.loginPageTitleTest(LoginPageTest.java:34)
</failure>
    <system-out><![CDATA[I am in onTestStart method searchTest start
search keyairtel
title is not found after+timeout5seconds
login page title==>null
I am in onTestFailure method loginPageTitleTest failed
Screenshot captured for test case:loginPageTitleTest
]]></system-out>
  </testcase>
  <testcase name="loginPageURLTest" classname="com.qa.opencart.tests.LoginPageTest" time="0.015"/>
  <testcase name="logoTest" classname="com.qa.opencart.tests.LoginPageTest" time="0.032"/>
  <testcase name="loginTest" classname="com.qa.opencart.tests.LoginPageTest" time="1.402"/>
  <testcase name="productInfoTest" classname="com.qa.opencart.tests.ProductinfoPageTest" time="1.596"/>
  <testcase name="productSearchHeaderTest" classname="com.qa.opencart.tests.ProductinfoPageTest" time="1.141"/>
  <testcase name="productSearchHeaderTest" classname="com.qa.opencart.tests.ProductinfoPageTest" time="1.096"/>
  <testcase name="productSearchHeaderTest" classname="com.qa.opencart.tests.ProductinfoPageTest" time="1.148"/>
</testsuite>